<?xml version="1.0" encoding="UTF-8"?>
<!-- Generated by org.testng.reporters.JUnitReportReporter -->
<testsuite hostname="SaiMadhuri" failures="0" tests="2" name="com.Amazon_demo.tests.AmazonDemoTest" time="109.716" errors="0" timestamp="2022-07-28T10:53:02 IST" skipped="0">
  <testcase classname="com.Amazon_demo.tests.AmazonDemoTest" name="Test2" time="7.645"/>
  <system-out/>
  <testcase classname="com.Amazon_demo.tests.AmazonDemoTest" name="Test1" time="102.071"/>
  <system-out/>
</testsuite> <!-- com.Amazon_demo.tests.AmazonDemoTest -->
