<?xml version="1.0" encoding="UTF-8"?>
<!-- Generated by org.testng.reporters.JUnitReportReporter -->
<testsuite hostname="SaiMadhuri" failures="0" tests="1" name="testrunner.MyTestRunner_Class" time="961.424" errors="0" timestamp="2022-09-21T15:17:03 IST" skipped="0">
  <testcase classname="testrunner.MyTestRunner_Class" name="runScenario" time="961.424"/>
  <system-out/>
</testsuite> <!-- testrunner.MyTestRunner_Class -->
