<?xml version="1.0" encoding="UTF-8"?>
<!-- Generated by org.testng.reporters.JUnitReportReporter -->
<testsuite hostname="SaiMadhuri" failures="0" tests="1" name="testrunner.MyTestRunner" time="1446.292" errors="0" timestamp="2022-10-21T17:37:05 IST" skipped="0">
  <testcase classname="testrunner.MyTestRunner" name="runScenario" time="1446.292"/>
  <system-out/>
</testsuite> <!-- testrunner.MyTestRunner -->
