<?xml version="1.0" encoding="UTF-8"?>
<!-- Generated by org.testng.reporters.JUnitReportReporter -->
<testsuite hostname="SaiMadhuri" failures="0" tests="1" name="testrunner.MyTestRunner" time="823.134" errors="0" timestamp="2022-11-02T23:00:00 IST" skipped="0">
  <testcase classname="testrunner.MyTestRunner" name="runScenario" time="823.134"/>
  <system-out/>
</testsuite> <!-- testrunner.MyTestRunner -->
