<?xml version="1.0" encoding="UTF-8"?>
<!-- Generated by org.testng.reporters.JUnitReportReporter -->
<testsuite hostname="SaiMadhuri" failures="0" tests="1" name="testrunner.MyTestRunner" time="964.701" errors="0" timestamp="2022-11-08T18:33:00 IST" skipped="0">
  <testcase classname="testrunner.MyTestRunner" name="runScenario" time="964.701"/>
  <system-out/>
</testsuite> <!-- testrunner.MyTestRunner -->
