<?xml version="1.0" encoding="UTF-8"?>
<!-- Generated by org.testng.reporters.JUnitReportReporter -->
<testsuite hostname="SaiMadhuri" failures="0" tests="1" name="testrunner.MyTestRunner" time="981.108" errors="0" timestamp="2022-11-08T11:53:04 IST" skipped="0">
  <testcase classname="testrunner.MyTestRunner" name="runScenario" time="981.108"/>
  <system-out/>
</testsuite> <!-- testrunner.MyTestRunner -->
