<?xml version="1.0" encoding="UTF-8"?>
<!-- Generated by org.testng.reporters.JUnitReportReporter -->
<testsuite hostname="SaiMadhuri" failures="0" tests="1" name="testrunner.MyTestRunner" time="0.133" errors="1" timestamp="2022-11-17T14:53:04 IST" skipped="0">
  <testcase classname="testrunner.MyTestRunner" name="runScenario" time="0.133">
    <error message="Cannot invoke &quot;java.util.Properties.getProperty(String)&quot; because &quot;this.prop&quot; is null" type="java.lang.NullPointerException">
      <![CDATA[java.lang.NullPointerException: Cannot invoke "java.util.Properties.getProperty(String)" because "this.prop" is null
at com.celtic.automation.cmcs.util.ConfigReader.readBrowser(ConfigReader.java:40)
at apphooks.ApplicationHooks.launchBrowser(ApplicationHooks.java:36)
]]>
    </error>
  </testcase> <!-- runScenario -->
  <system-out/>
</testsuite> <!-- testrunner.MyTestRunner -->
