<?xml version="1.0" encoding="UTF-8"?>
<!-- Generated by org.testng.reporters.JUnitReportReporter -->
<testsuite hostname="SaiMadhuri" failures="0" tests="1" name="testrunner.MyTestRunner_Class" time="855.951" errors="0" timestamp="2022-09-05T22:42:23 IST" skipped="0">
  <testcase classname="testrunner.MyTestRunner_Class" name="runScenario" time="855.951"/>
  <system-out/>
</testsuite> <!-- testrunner.MyTestRunner_Class -->
