<?xml version="1.0" encoding="UTF-8"?>
<!-- Generated by org.testng.reporters.JUnitReportReporter -->
<testsuite hostname="SaiMadhuri" failures="0" tests="1" name="testrunner.MyTestRunner_RIN" time="146.334" errors="0" timestamp="2022-09-01T17:22:42 IST" skipped="0">
  <testcase classname="testrunner.MyTestRunner_RIN" name="runScenario" time="146.334"/>
  <system-out/>
</testsuite> <!-- testrunner.MyTestRunner_RIN -->
