<?xml version="1.0" encoding="UTF-8"?>
<!-- Generated by org.testng.reporters.JUnitReportReporter -->
<testsuite hostname="SaiMadhuri" failures="0" tests="1" name="testrunner.MyTestRunner_Class" time="729.982" errors="0" timestamp="2022-08-30T20:48:13 IST" skipped="0">
  <testcase classname="testrunner.MyTestRunner_Class" name="runScenario" time="729.982"/>
  <system-out/>
</testsuite> <!-- testrunner.MyTestRunner_Class -->
